make: *** [Makefile:35: canary-quick] Error 1
./scripts/shunter-canary quick
==> revision context
opsboard-canary: a45ec6f44931 dirty
shunter: 947e3dd2eb4d dirty
==> quick canary
+ go test ./... -count=1
?   	github.com/ponchione/opsboard-canary/cmd/codegen	[no test files]
?   	github.com/ponchione/opsboard-canary/cmd/export-contract	[no test files]
?   	github.com/ponchione/opsboard-canary/cmd/migrate-data	[no test files]
ok  	github.com/ponchione/opsboard-canary/cmd/server	0.002s
ok  	github.com/ponchione/opsboard-canary/cmd/workflow	0.256s
--- FAIL: TestCommittedTypeScriptCodegenMatchesContract (0.00s)
    codegen_test.go:48: committed TypeScript bindings are stale; run `make codegen`
FAIL
FAIL	github.com/ponchione/opsboard-canary/internal/app	0.864s
ok  	github.com/ponchione/opsboard-canary/internal/client	0.138s
?   	github.com/ponchione/opsboard-canary/internal/model	[no test files]
ok  	github.com/ponchione/opsboard-canary/internal/workflows	7.110s
FAIL
[full output: ~/.local/share/rtk/tee/1778693734_make_canary-quick.log]
