make: *** [Makefile:35: canary-quick] Error 1
./scripts/shunter-canary quick
==> revision context
opsboard-canary: a45ec6f44931 dirty
shunter: 947e3dd2eb4d dirty
==> quick canary
+ go test ./... -count=1
?   	github.com/ponchione/opsboard-canary/cmd/codegen	[no test files]
?   	github.com/ponchione/opsboard-canary/cmd/export-contract	[no test files]
?   	github.com/ponchione/opsboard-canary/cmd/migrate-data	[no test files]
ok  	github.com/ponchione/opsboard-canary/cmd/server	0.002s
ok  	github.com/ponchione/opsboard-canary/cmd/workflow	0.244s
--- FAIL: TestGeneratedTypeScriptPinsDeclaredReadHelpersAndMetadata (0.00s)
    codegen_test.go:61: generated TypeScript missing "defaultSubprotocol: \"v1.bsatn.shunter\","
FAIL
FAIL	github.com/ponchione/opsboard-canary/internal/app	0.638s
ok  	github.com/ponchione/opsboard-canary/internal/client	0.136s
?   	github.com/ponchione/opsboard-canary/internal/model	[no test files]
ok  	github.com/ponchione/opsboard-canary/internal/workflows	6.941s
FAIL
[full output: ~/.local/share/rtk/tee/1778693768_make_canary-quick.log]
