./scripts/shunter-canary full
==> revision context
opsboard-canary: e69bce73cb49
shunter: e93e51def018
==> full canary
+ go test ./... -count=1
?   	github.com/ponchione/opsboard-canary/cmd/codegen	[no test files]
?   	github.com/ponchione/opsboard-canary/cmd/export-contract	[no test files]
?   	github.com/ponchione/opsboard-canary/cmd/migrate-data	[no test files]
ok  	github.com/ponchione/opsboard-canary/cmd/server	0.002s
ok  	github.com/ponchione/opsboard-canary/cmd/workflow	0.203s
ok  	github.com/ponchione/opsboard-canary/internal/app	0.610s
ok  	github.com/ponchione/opsboard-canary/internal/client	0.114s
?   	github.com/ponchione/opsboard-canary/internal/model	[no test files]
ok  	github.com/ponchione/opsboard-canary/internal/workflows	7.118s
+ make sdk-smoke
npm install
up to date, audited 6 packages in 299ms
found 0 vulnerabilities
npm run sdk-smoke
> sdk-smoke
> npm run sdk-typecheck && node tests/typescript/sdk-smoke.ts
> sdk-typecheck
> tsc -p tsconfig.sdk-smoke.json --noEmit
+ go test ./internal/workflows -run TestSeededWorkflow -count=1
ok  	github.com/ponchione/opsboard-canary/internal/workflows	0.765s
+ go test -race ./internal/workflows -count=1
ok  	github.com/ponchione/opsboard-canary/internal/workflows	8.603s
==> contract/codegen reproducibility
+ make contract
go run ./cmd/export-contract > contracts/shunter.contract.json
+ make codegen
go run ./cmd/codegen
+ diff -ru /tmp/opsboard-canary-codegen.pgGTZV/contracts contracts
+ diff -ru /tmp/opsboard-canary-codegen.pgGTZV/generated generated
==> in-process protocol smoke
+ go run ./cmd/workflow --in-process --data-dir /home/gernsback/source/opsboard-canary/artifacts/canary/workflow-in-process-20260525T130645Z --trace-out /home/gernsback/source/opsboard-canary/artifacts/canary/workflow-in-process-trace.json
protocol workflow smoke passed
==> served protocol smoke on 127.0.0.1:13000
+ go run ./cmd/workflow --addr 127.0.0.1:13000 --trace-out /home/gernsback/source/opsboard-canary/artifacts/canary/server-smoke-trace-20260525T130645Z.json
protocol workflow smoke passed
