./scripts/shunter-canary quick
==> revision context
opsboard-canary: e69bce73cb49
shunter: e93e51def018
==> quick canary
+ go test ./... -count=1
?   	github.com/ponchione/opsboard-canary/cmd/codegen	[no test files]
?   	github.com/ponchione/opsboard-canary/cmd/export-contract	[no test files]
?   	github.com/ponchione/opsboard-canary/cmd/migrate-data	[no test files]
ok  	github.com/ponchione/opsboard-canary/cmd/server	0.002s
ok  	github.com/ponchione/opsboard-canary/cmd/workflow	0.227s
ok  	github.com/ponchione/opsboard-canary/internal/app	0.676s
ok  	github.com/ponchione/opsboard-canary/internal/client	0.119s
?   	github.com/ponchione/opsboard-canary/internal/model	[no test files]
ok  	github.com/ponchione/opsboard-canary/internal/workflows	6.982s
+ make sdk-smoke
npm install
up to date, audited 6 packages in 364ms
found 0 vulnerabilities
npm run sdk-smoke
> sdk-smoke
> npm run sdk-typecheck && node tests/typescript/sdk-smoke.ts
> sdk-typecheck
> tsc -p tsconfig.sdk-smoke.json --noEmit
